Using pre-set license
Built from '2020.3/staging' branch; Version is '2020.3.11f1 (99c7afb366b3) revision 10078127'; Using compiler version '192528614'; Build Type 'Release'
OS: 'Windows 10 Home; OS build 19042.1110; Version 2009; 64bit' Language: 'en' Physical Memory: 8122 MB
BatchMode: 1, IsHumanControllingUs: 0, StartBugReporterOnCrash: 0, Is64bit: 1, IsPro: 0

 COMMAND LINE ARGUMENTS:
C:\Program Files\Unity\Hub\Editor\2020.3.11f1\Editor\Unity.exe
-adb2
-batchMode
-noUpm
-name
AssetImportWorker0
-projectPath
C:/Users/Slugg/Documents/GitHub/SluggDefender
-logFile
Logs/AssetImportWorker0.log
-srvPort
60467
Successfully changed project path to: C:/Users/Slugg/Documents/GitHub/SluggDefender
C:/Users/Slugg/Documents/GitHub/SluggDefender
Using Asset Import Pipeline V2.
Refreshing native plugins compatible for Editor in 46.57 ms, found 3 plugins.
Preloading 0 native plugins for Editor in 0.00 ms.
Initialize engine version: 2020.3.11f1 (99c7afb366b3)
[Subsystems] Discovering subsystems at path C:/Program Files/Unity/Hub/Editor/2020.3.11f1/Editor/Data/Resources/UnitySubsystems
[Subsystems] Discovering subsystems at path C:/Users/Slugg/Documents/GitHub/SluggDefender/Assets
GfxDevice: creating device client; threaded=0
Direct3D:
    Version:  Direct3D 11.0 [level 11.0]
    Renderer: NVIDIA GeForce GT 710 (ID=0x128b)
    Vendor:   
    VRAM:     2007 MB
    Driver:   27.21.14.6677
Initialize mono
Mono path[0] = 'C:/Program Files/Unity/Hub/Editor/2020.3.11f1/Editor/Data/Managed'
Mono path[1] = 'C:/Program Files/Unity/Hub/Editor/2020.3.11f1/Editor/Data/MonoBleedingEdge/lib/mono/unityjit'
Mono config path = 'C:/Program Files/Unity/Hub/Editor/2020.3.11f1/Editor/Data/MonoBleedingEdge/etc'
Using monoOptions --debugger-agent=transport=dt_socket,embedding=1,server=y,suspend=n,address=127.0.0.1:56848
Begin MonoManager ReloadAssembly
Registering precompiled unity dll's ...
Register platform support module: C:/Program Files/Unity/Hub/Editor/2020.3.11f1/Editor/Data/PlaybackEngines/WebGLSupport/UnityEditor.WebGL.Extensions.dll
Register platform support module: C:/Program Files/Unity/Hub/Editor/2020.3.11f1/Editor/Data/PlaybackEngines/MacStandaloneSupport/UnityEditor.OSXStandalone.Extensions.dll
Register platform support module: C:/Program Files/Unity/Hub/Editor/2020.3.11f1/Editor/Data/PlaybackEngines/WindowsStandaloneSupport/UnityEditor.WindowsStandalone.Extensions.dll
Registered in 0.004229 seconds.
Native extension for WindowsStandalone target not found
Native extension for OSXStandalone target not found
Native extension for WebGL target not found
Refreshing native plugins compatible for Editor in 46.04 ms, found 3 plugins.
Preloading 0 native plugins for Editor in 0.00 ms.
Mono: successfully reloaded assembly
- Completed reload, in  1.305 seconds
Platform modules already initialized, skipping
Registering precompiled user dll's ...
Registered in 0.003806 seconds.
Begin MonoManager ReloadAssembly
Native extension for WindowsStandalone target not found
Native extension for OSXStandalone target not found
Native extension for WebGL target not found
Refreshing native plugins compatible for Editor in 44.89 ms, found 3 plugins.
Preloading 0 native plugins for Editor in 0.00 ms.
Mono: successfully reloaded assembly
- Completed reload, in  1.081 seconds
Platform modules already initialized, skipping
========================================================================
Worker process is ready to serve import requests
Launched and connected shader compiler UnityShaderCompiler.exe after 0.06 seconds
Refreshing native plugins compatible for Editor in 0.61 ms, found 3 plugins.
Preloading 0 native plugins for Editor in 0.00 ms.
Unloading 2377 Unused Serialized files (Serialized files now loaded: 0)
System memory in use before: 103.3 MB.
System memory in use after: 103.3 MB.

Unloading 35 unused Assets to reduce memory usage. Loaded Objects now: 2812.
Total: 2.796600 ms (FindLiveObjects: 0.333400 ms CreateObjectMapping: 0.073600 ms MarkObjects: 2.248000 ms  DeleteObjects: 0.140100 ms)

========================================================================
Received Import Request.
  path: Assets/Input
  artifactKey: Guid(3a25dc8c5b16879479ad7cb62aec1846) Importer(815301076,1909f56bfc062723c751e8b465ee728b)
Start importing Assets/Input using Guid(3a25dc8c5b16879479ad7cb62aec1846) Importer(815301076,1909f56bfc062723c751e8b465ee728b)  -> (artifact id: 'e9b2cb81f20f0733f1c0930a360e2c40') in 0.012623 seconds
  Import took 0.017378 seconds .

========================================================================
Received Import Request.
  Time since last request: 34.272565 seconds.
  path: Assets/Input/GeneralControls.inputactions
  artifactKey: Guid(7d3ba156e76305647b9ce7c833a62e3c) Importer(815301076,1909f56bfc062723c751e8b465ee728b)
Start importing Assets/Input/GeneralControls.inputactions using Guid(7d3ba156e76305647b9ce7c833a62e3c) Importer(815301076,1909f56bfc062723c751e8b465ee728b)  -> (artifact id: '6a823380658b4cf302a257d451733851') in 0.076289 seconds
  Import took 0.080602 seconds .

========================================================================
Received Import Request.
  Time since last request: 2.915730 seconds.
  path: Assets/Input/GeneralControls.inputactions
  artifactKey: Guid(7d3ba156e76305647b9ce7c833a62e3c) Importer(815301076,1909f56bfc062723c751e8b465ee728b)
Start importing Assets/Input/GeneralControls.inputactions using Guid(7d3ba156e76305647b9ce7c833a62e3c) Importer(815301076,1909f56bfc062723c751e8b465ee728b)  -> (artifact id: 'd8f28f29bd9c843fcf86979d362a9a24') in 0.003617 seconds
  Import took 0.033005 seconds .

========================================================================
Received Prepare
Registering precompiled user dll's ...
Registered in 0.003817 seconds.
Begin MonoManager ReloadAssembly
Native extension for WindowsStandalone target not found
Native extension for OSXStandalone target not found
Native extension for WebGL target not found
Refreshing native plugins compatible for Editor in 0.62 ms, found 3 plugins.
Preloading 0 native plugins for Editor in 0.00 ms.
Mono: successfully reloaded assembly
- Completed reload, in  1.024 seconds
Platform modules already initialized, skipping
Refreshing native plugins compatible for Editor in 0.64 ms, found 3 plugins.
Preloading 0 native plugins for Editor in 0.00 ms.
Unloading 2373 Unused Serialized files (Serialized files now loaded: 0)
System memory in use before: 103.5 MB.
System memory in use after: 103.6 MB.

Unloading 21 unused Assets to reduce memory usage. Loaded Objects now: 2817.
Total: 2.724300 ms (FindLiveObjects: 0.307700 ms CreateObjectMapping: 0.069200 ms MarkObjects: 2.220300 ms  DeleteObjects: 0.126000 ms)

========================================================================
Received Import Request.
  Time since last request: 113.836102 seconds.
  path: Assets/Input/GeneralControls.inputactions
  artifactKey: Guid(7d3ba156e76305647b9ce7c833a62e3c) Importer(815301076,1909f56bfc062723c751e8b465ee728b)
Start importing Assets/Input/GeneralControls.inputactions using Guid(7d3ba156e76305647b9ce7c833a62e3c) Importer(815301076,1909f56bfc062723c751e8b465ee728b)  -> (artifact id: '577aafd40fe64f5113e352e8200ef5dd') in 0.019074 seconds
  Import took 0.082701 seconds .

========================================================================
Received Import Request.
  Time since last request: 6.772328 seconds.
  path: Assets/Input/GeneralControls.cs
  artifactKey: Guid(0e0fa18e2c46cdc47bbda7a32f6e4daf) Importer(815301076,1909f56bfc062723c751e8b465ee728b)
Start importing Assets/Input/GeneralControls.cs using Guid(0e0fa18e2c46cdc47bbda7a32f6e4daf) Importer(815301076,1909f56bfc062723c751e8b465ee728b)  -> (artifact id: '07ccf016d0f5094df4baf8537bb86a19') in 0.005188 seconds
  Import took 0.009553 seconds .

========================================================================
Received Import Request.
  Time since last request: 0.022684 seconds.
  path: Assets/Input/GeneralControls.cs
  artifactKey: Guid(0e0fa18e2c46cdc47bbda7a32f6e4daf) Importer(815301076,1909f56bfc062723c751e8b465ee728b)
Start importing Assets/Input/GeneralControls.cs using Guid(0e0fa18e2c46cdc47bbda7a32f6e4daf) Importer(815301076,1909f56bfc062723c751e8b465ee728b)  -> (artifact id: '07ccf016d0f5094df4baf8537bb86a19') in 0.003718 seconds
  Import took 0.008322 seconds .

========================================================================
Received Import Request.
  Time since last request: 54.128493 seconds.
  path: Assets/Input/GeneralControl.cs
  artifactKey: Guid(0e0fa18e2c46cdc47bbda7a32f6e4daf) Importer(815301076,1909f56bfc062723c751e8b465ee728b)
Start importing Assets/Input/GeneralControl.cs using Guid(0e0fa18e2c46cdc47bbda7a32f6e4daf) Importer(815301076,1909f56bfc062723c751e8b465ee728b)  -> (artifact id: 'f3ff514f57d8767e728278b66f0c262e') in 0.062079 seconds
  Import took 0.069590 seconds .

========================================================================
Received Import Request.
  Time since last request: 37.781900 seconds.
  path: Assets/Input/GeneralControl.cs
  artifactKey: Guid(0e0fa18e2c46cdc47bbda7a32f6e4daf) Importer(815301076,1909f56bfc062723c751e8b465ee728b)
Start importing Assets/Input/GeneralControl.cs using Guid(0e0fa18e2c46cdc47bbda7a32f6e4daf) Importer(815301076,1909f56bfc062723c751e8b465ee728b)  -> (artifact id: '970e3065229fd701137d521f75c8c50b') in 0.005463 seconds
  Import took 0.011230 seconds .

========================================================================
Received Prepare
Registering precompiled user dll's ...
Registered in 0.004345 seconds.
Begin MonoManager ReloadAssembly
Native extension for WindowsStandalone target not found
Native extension for OSXStandalone target not found
Native extension for WebGL target not found
Refreshing native plugins compatible for Editor in 0.64 ms, found 3 plugins.
Preloading 0 native plugins for Editor in 0.00 ms.
Mono: successfully reloaded assembly
- Completed reload, in  1.005 seconds
Platform modules already initialized, skipping
Refreshing native plugins compatible for Editor in 0.68 ms, found 3 plugins.
Preloading 0 native plugins for Editor in 0.00 ms.
Unloading 2372 Unused Serialized files (Serialized files now loaded: 0)
System memory in use before: 103.5 MB.
System memory in use after: 103.6 MB.

Unloading 22 unused Assets to reduce memory usage. Loaded Objects now: 2820.
Total: 3.359900 ms (FindLiveObjects: 0.324000 ms CreateObjectMapping: 0.064000 ms MarkObjects: 2.784900 ms  DeleteObjects: 0.185500 ms)

========================================================================
Received Import Request.
  Time since last request: 24.537638 seconds.
  path: Assets/Input/GeneralControls.inputactions
  artifactKey: Guid(7d3ba156e76305647b9ce7c833a62e3c) Importer(815301076,1909f56bfc062723c751e8b465ee728b)
Start importing Assets/Input/GeneralControls.inputactions using Guid(7d3ba156e76305647b9ce7c833a62e3c) Importer(815301076,1909f56bfc062723c751e8b465ee728b)  -> (artifact id: '24f79b2d4ce711d7d668a8430f4a1ddb') in 0.019118 seconds
  Import took 0.025285 seconds .

========================================================================
Received Prepare
Registering precompiled user dll's ...
Registered in 0.005046 seconds.
Begin MonoManager ReloadAssembly
Native extension for WindowsStandalone target not found
Native extension for OSXStandalone target not found
Native extension for WebGL target not found
Refreshing native plugins compatible for Editor in 0.69 ms, found 3 plugins.
Preloading 0 native plugins for Editor in 0.00 ms.
Mono: successfully reloaded assembly
- Completed reload, in  1.005 seconds
Platform modules already initialized, skipping
Refreshing native plugins compatible for Editor in 0.68 ms, found 3 plugins.
Preloading 0 native plugins for Editor in 0.00 ms.
Unloading 2373 Unused Serialized files (Serialized files now loaded: 0)
System memory in use before: 103.6 MB.
System memory in use after: 103.7 MB.

Unloading 21 unused Assets to reduce memory usage. Loaded Objects now: 2825.
Total: 2.691100 ms (FindLiveObjects: 0.332700 ms CreateObjectMapping: 0.064000 ms MarkObjects: 2.159400 ms  DeleteObjects: 0.133900 ms)

========================================================================
Received Import Request.
  Time since last request: 8.108935 seconds.
  path: Assets/Input/GeneralControls.cs
  artifactKey: Guid(41e87162886ef3e428d9ab593560e2ea) Importer(815301076,1909f56bfc062723c751e8b465ee728b)
Start importing Assets/Input/GeneralControls.cs using Guid(41e87162886ef3e428d9ab593560e2ea) Importer(815301076,1909f56bfc062723c751e8b465ee728b)  -> (artifact id: '46ea17d27a497d841d80e7b341705e74') in 0.007554 seconds
  Import took 0.011778 seconds .

========================================================================
Received Import Request.
  Time since last request: 0.021421 seconds.
  path: Assets/Input/GeneralControls.cs
  artifactKey: Guid(41e87162886ef3e428d9ab593560e2ea) Importer(815301076,1909f56bfc062723c751e8b465ee728b)
Start importing Assets/Input/GeneralControls.cs using Guid(41e87162886ef3e428d9ab593560e2ea) Importer(815301076,1909f56bfc062723c751e8b465ee728b)  -> (artifact id: '46ea17d27a497d841d80e7b341705e74') in 0.003578 seconds
  Import took 0.007823 seconds .

========================================================================
Received Prepare
Registering precompiled user dll's ...
Registered in 0.004485 seconds.
Begin MonoManager ReloadAssembly
Native extension for WindowsStandalone target not found
Native extension for OSXStandalone target not found
Native extension for WebGL target not found
Refreshing native plugins compatible for Editor in 0.64 ms, found 3 plugins.
Preloading 0 native plugins for Editor in 0.00 ms.
Mono: successfully reloaded assembly
- Completed reload, in  0.970 seconds
Platform modules already initialized, skipping
Refreshing native plugins compatible for Editor in 0.71 ms, found 3 plugins.
Preloading 0 native plugins for Editor in 0.00 ms.
Unloading 2373 Unused Serialized files (Serialized files now loaded: 0)
System memory in use before: 103.6 MB.
System memory in use after: 103.7 MB.

Unloading 21 unused Assets to reduce memory usage. Loaded Objects now: 2829.
Total: 3.519400 ms (FindLiveObjects: 0.352700 ms CreateObjectMapping: 0.066100 ms MarkObjects: 2.949700 ms  DeleteObjects: 0.149600 ms)

========================================================================
Received Prepare
Registering precompiled user dll's ...
Registered in 0.003888 seconds.
Begin MonoManager ReloadAssembly
Native extension for WindowsStandalone target not found
Native extension for OSXStandalone target not found
Native extension for WebGL target not found
Refreshing native plugins compatible for Editor in 0.70 ms, found 3 plugins.
Preloading 0 native plugins for Editor in 0.00 ms.
Mono: successfully reloaded assembly
- Completed reload, in  0.988 seconds
Platform modules already initialized, skipping
Refreshing native plugins compatible for Editor in 0.62 ms, found 3 plugins.
Preloading 0 native plugins for Editor in 0.00 ms.
Unloading 2373 Unused Serialized files (Serialized files now loaded: 0)
System memory in use before: 103.5 MB.
System memory in use after: 103.6 MB.

Unloading 21 unused Assets to reduce memory usage. Loaded Objects now: 2833.
Total: 2.981200 ms (FindLiveObjects: 0.390400 ms CreateObjectMapping: 0.069200 ms MarkObjects: 2.380400 ms  DeleteObjects: 0.139800 ms)

========================================================================
Received Prepare
Registering precompiled user dll's ...
Registered in 0.003738 seconds.
Begin MonoManager ReloadAssembly
Native extension for WindowsStandalone target not found
Native extension for OSXStandalone target not found
Native extension for WebGL target not found
Refreshing native plugins compatible for Editor in 0.65 ms, found 3 plugins.
Preloading 0 native plugins for Editor in 0.00 ms.
Mono: successfully reloaded assembly
- Completed reload, in  0.997 seconds
Platform modules already initialized, skipping
Refreshing native plugins compatible for Editor in 0.64 ms, found 3 plugins.
Preloading 0 native plugins for Editor in 0.00 ms.
Unloading 2373 Unused Serialized files (Serialized files now loaded: 0)
System memory in use before: 103.7 MB.
System memory in use after: 103.7 MB.

Unloading 21 unused Assets to reduce memory usage. Loaded Objects now: 2837.
Total: 2.676700 ms (FindLiveObjects: 0.319800 ms CreateObjectMapping: 0.067500 ms MarkObjects: 2.149100 ms  DeleteObjects: 0.139000 ms)

========================================================================
Received Prepare
Registering precompiled user dll's ...
Registered in 0.003869 seconds.
Begin MonoManager ReloadAssembly
Native extension for WindowsStandalone target not found
Native extension for OSXStandalone target not found
Native extension for WebGL target not found
Refreshing native plugins compatible for Editor in 0.66 ms, found 3 plugins.
Preloading 0 native plugins for Editor in 0.00 ms.
Mono: successfully reloaded assembly
- Completed reload, in  1.002 seconds
Platform modules already initialized, skipping
Refreshing native plugins compatible for Editor in 0.68 ms, found 3 plugins.
Preloading 0 native plugins for Editor in 0.00 ms.
Unloading 2373 Unused Serialized files (Serialized files now loaded: 0)
System memory in use before: 103.7 MB.
System memory in use after: 103.7 MB.

Unloading 21 unused Assets to reduce memory usage. Loaded Objects now: 2841.
Total: 2.749400 ms (FindLiveObjects: 0.341200 ms CreateObjectMapping: 0.064200 ms MarkObjects: 2.184500 ms  DeleteObjects: 0.157700 ms)

========================================================================
Received Prepare
Registering precompiled user dll's ...
Registered in 0.003978 seconds.
Begin MonoManager ReloadAssembly
Native extension for WindowsStandalone target not found
Native extension for OSXStandalone target not found
Native extension for WebGL target not found
Refreshing native plugins compatible for Editor in 0.65 ms, found 3 plugins.
Preloading 0 native plugins for Editor in 0.00 ms.
Mono: successfully reloaded assembly
- Completed reload, in  0.986 seconds
Platform modules already initialized, skipping
Refreshing native plugins compatible for Editor in 0.64 ms, found 3 plugins.
Preloading 0 native plugins for Editor in 0.00 ms.
Unloading 2373 Unused Serialized files (Serialized files now loaded: 0)
System memory in use before: 103.7 MB.
System memory in use after: 103.8 MB.

Unloading 21 unused Assets to reduce memory usage. Loaded Objects now: 2845.
Total: 3.276100 ms (FindLiveObjects: 0.344600 ms CreateObjectMapping: 0.064800 ms MarkObjects: 2.714900 ms  DeleteObjects: 0.150000 ms)

========================================================================
Received Prepare
Registering precompiled user dll's ...
Registered in 0.004282 seconds.
Begin MonoManager ReloadAssembly
Native extension for WindowsStandalone target not found
Native extension for OSXStandalone target not found
Native extension for WebGL target not found
Refreshing native plugins compatible for Editor in 0.68 ms, found 3 plugins.
Preloading 0 native plugins for Editor in 0.00 ms.
Mono: successfully reloaded assembly
- Completed reload, in  0.992 seconds
Platform modules already initialized, skipping
Refreshing native plugins compatible for Editor in 0.71 ms, found 3 plugins.
Preloading 0 native plugins for Editor in 0.00 ms.
Unloading 2373 Unused Serialized files (Serialized files now loaded: 0)
System memory in use before: 103.7 MB.
System memory in use after: 103.8 MB.

Unloading 21 unused Assets to reduce memory usage. Loaded Objects now: 2849.
Total: 3.337500 ms (FindLiveObjects: 0.365200 ms CreateObjectMapping: 0.061500 ms MarkObjects: 2.743400 ms  DeleteObjects: 0.165700 ms)

========================================================================
Received Prepare
Registering precompiled user dll's ...
Registered in 0.004578 seconds.
Begin MonoManager ReloadAssembly
Native extension for WindowsStandalone target not found
Native extension for OSXStandalone target not found
Native extension for WebGL target not found
Refreshing native plugins compatible for Editor in 0.63 ms, found 3 plugins.
Preloading 0 native plugins for Editor in 0.00 ms.
Mono: successfully reloaded assembly
- Completed reload, in  0.983 seconds
Platform modules already initialized, skipping
Refreshing native plugins compatible for Editor in 0.64 ms, found 3 plugins.
Preloading 0 native plugins for Editor in 0.00 ms.
Unloading 2373 Unused Serialized files (Serialized files now loaded: 0)
System memory in use before: 103.6 MB.
System memory in use after: 103.7 MB.

Unloading 21 unused Assets to reduce memory usage. Loaded Objects now: 2853.
Total: 2.734800 ms (FindLiveObjects: 0.321300 ms CreateObjectMapping: 0.064500 ms MarkObjects: 2.215400 ms  DeleteObjects: 0.132800 ms)

========================================================================
Received Prepare
Registering precompiled user dll's ...
Registered in 0.003641 seconds.
Begin MonoManager ReloadAssembly
Native extension for WindowsStandalone target not found
Native extension for OSXStandalone target not found
Native extension for WebGL target not found
Refreshing native plugins compatible for Editor in 0.65 ms, found 3 plugins.
Preloading 0 native plugins for Editor in 0.00 ms.
Mono: successfully reloaded assembly
- Completed reload, in  1.010 seconds
Platform modules already initialized, skipping
Refreshing native plugins compatible for Editor in 0.63 ms, found 3 plugins.
Preloading 0 native plugins for Editor in 0.00 ms.
Unloading 2373 Unused Serialized files (Serialized files now loaded: 0)
System memory in use before: 103.7 MB.
System memory in use after: 103.8 MB.

Unloading 21 unused Assets to reduce memory usage. Loaded Objects now: 2857.
Total: 3.137100 ms (FindLiveObjects: 0.413000 ms CreateObjectMapping: 0.069600 ms MarkObjects: 2.483300 ms  DeleteObjects: 0.170100 ms)

========================================================================
Received Import Request.
  Time since last request: 1428.904754 seconds.
  path: Assets/Input/GeneralControls.inputactions
  artifactKey: Guid(7d3ba156e76305647b9ce7c833a62e3c) Importer(815301076,1909f56bfc062723c751e8b465ee728b)
Start importing Assets/Input/GeneralControls.inputactions using Guid(7d3ba156e76305647b9ce7c833a62e3c) Importer(815301076,1909f56bfc062723c751e8b465ee728b)  -> (artifact id: '87b07366f025ac96e4d05422b5e87249') in 0.027052 seconds
  Import took 0.032378 seconds .

========================================================================
Received Import Request.
  Time since last request: 0.086350 seconds.
  path: Assets/Input/GeneralControls.inputactions
  artifactKey: Guid(7d3ba156e76305647b9ce7c833a62e3c) Importer(815301076,1909f56bfc062723c751e8b465ee728b)
Start importing Assets/Input/GeneralControls.inputactions using Guid(7d3ba156e76305647b9ce7c833a62e3c) Importer(815301076,1909f56bfc062723c751e8b465ee728b)  -> (artifact id: '87b07366f025ac96e4d05422b5e87249') in 0.004882 seconds
  Import took 0.010395 seconds .

========================================================================
Received Prepare
Registering precompiled user dll's ...
Registered in 0.003681 seconds.
Begin MonoManager ReloadAssembly
Native extension for WindowsStandalone target not found
Native extension for OSXStandalone target not found
Native extension for WebGL target not found
Refreshing native plugins compatible for Editor in 0.63 ms, found 3 plugins.
Preloading 0 native plugins for Editor in 0.00 ms.
Mono: successfully reloaded assembly
- Completed reload, in  1.035 seconds
Platform modules already initialized, skipping
Refreshing native plugins compatible for Editor in 0.64 ms, found 3 plugins.
Preloading 0 native plugins for Editor in 0.00 ms.
Unloading 2373 Unused Serialized files (Serialized files now loaded: 0)
System memory in use before: 103.7 MB.
System memory in use after: 103.8 MB.

Unloading 21 unused Assets to reduce memory usage. Loaded Objects now: 2861.
Total: 3.393200 ms (FindLiveObjects: 0.302300 ms CreateObjectMapping: 0.064200 ms MarkObjects: 2.884900 ms  DeleteObjects: 0.140400 ms)

========================================================================
Received Prepare
Registering precompiled user dll's ...
Registered in 0.005671 seconds.
Begin MonoManager ReloadAssembly
Native extension for WindowsStandalone target not found
Native extension for OSXStandalone target not found
Native extension for WebGL target not found
Refreshing native plugins compatible for Editor in 0.63 ms, found 3 plugins.
Preloading 0 native plugins for Editor in 0.00 ms.
Mono: successfully reloaded assembly
- Completed reload, in  0.976 seconds
Platform modules already initialized, skipping
Refreshing native plugins compatible for Editor in 0.97 ms, found 3 plugins.
Preloading 0 native plugins for Editor in 0.00 ms.
Unloading 2373 Unused Serialized files (Serialized files now loaded: 0)
System memory in use before: 103.7 MB.
System memory in use after: 103.8 MB.

Unloading 21 unused Assets to reduce memory usage. Loaded Objects now: 2865.
Total: 2.971800 ms (FindLiveObjects: 0.428300 ms CreateObjectMapping: 0.115500 ms MarkObjects: 2.282900 ms  DeleteObjects: 0.143600 ms)

========================================================================
Received Import Request.
  Time since last request: 148.980912 seconds.
  path: Assets/Input/GeneralControls.inputactions
  artifactKey: Guid(7d3ba156e76305647b9ce7c833a62e3c) Importer(815301076,1909f56bfc062723c751e8b465ee728b)
Start importing Assets/Input/GeneralControls.inputactions using Guid(7d3ba156e76305647b9ce7c833a62e3c) Importer(815301076,1909f56bfc062723c751e8b465ee728b)  -> (artifact id: '7aceea0312cebc77124d968efc335f2b') in 0.020432 seconds
  Import took 0.025177 seconds .

========================================================================
Received Import Request.
  Time since last request: 0.072576 seconds.
  path: Assets/Input/GeneralControls.inputactions
  artifactKey: Guid(7d3ba156e76305647b9ce7c833a62e3c) Importer(815301076,1909f56bfc062723c751e8b465ee728b)
Start importing Assets/Input/GeneralControls.inputactions using Guid(7d3ba156e76305647b9ce7c833a62e3c) Importer(815301076,1909f56bfc062723c751e8b465ee728b)  -> (artifact id: '7aceea0312cebc77124d968efc335f2b') in 0.004997 seconds
  Import took 0.009864 seconds .

========================================================================
Received Prepare
Registering precompiled user dll's ...
Registered in 0.004883 seconds.
Begin MonoManager ReloadAssembly
Native extension for WindowsStandalone target not found
Native extension for OSXStandalone target not found
Native extension for WebGL target not found
Refreshing native plugins compatible for Editor in 0.64 ms, found 3 plugins.
Preloading 0 native plugins for Editor in 0.00 ms.
Mono: successfully reloaded assembly
- Completed reload, in  0.977 seconds
Platform modules already initialized, skipping
Refreshing native plugins compatible for Editor in 0.71 ms, found 3 plugins.
Preloading 0 native plugins for Editor in 0.00 ms.
Unloading 2373 Unused Serialized files (Serialized files now loaded: 0)
System memory in use before: 103.7 MB.
System memory in use after: 103.8 MB.

Unloading 21 unused Assets to reduce memory usage. Loaded Objects now: 2869.
Total: 2.697900 ms (FindLiveObjects: 0.330900 ms CreateObjectMapping: 0.068100 ms MarkObjects: 2.167800 ms  DeleteObjects: 0.129700 ms)

========================================================================
Received Prepare
Registering precompiled user dll's ...
Registered in 0.003789 seconds.
Begin MonoManager ReloadAssembly
Native extension for WindowsStandalone target not found
Native extension for OSXStandalone target not found
Native extension for WebGL target not found
Refreshing native plugins compatible for Editor in 0.63 ms, found 3 plugins.
Preloading 0 native plugins for Editor in 0.00 ms.
Mono: successfully reloaded assembly
- Completed reload, in  0.979 seconds
Platform modules already initialized, skipping
Refreshing native plugins compatible for Editor in 0.74 ms, found 3 plugins.
Preloading 0 native plugins for Editor in 0.00 ms.
Unloading 2373 Unused Serialized files (Serialized files now loaded: 0)
System memory in use before: 103.7 MB.
System memory in use after: 103.7 MB.

Unloading 21 unused Assets to reduce memory usage. Loaded Objects now: 2873.
Total: 3.361500 ms (FindLiveObjects: 0.322500 ms CreateObjectMapping: 0.064500 ms MarkObjects: 2.831800 ms  DeleteObjects: 0.141500 ms)

========================================================================
Received Prepare
Registering precompiled user dll's ...
Registered in 0.003665 seconds.
Begin MonoManager ReloadAssembly
Native extension for WindowsStandalone target not found
Native extension for OSXStandalone target not found
Native extension for WebGL target not found
Refreshing native plugins compatible for Editor in 0.65 ms, found 3 plugins.
Preloading 0 native plugins for Editor in 0.00 ms.
Mono: successfully reloaded assembly
- Completed reload, in  1.041 seconds
Platform modules already initialized, skipping
Refreshing native plugins compatible for Editor in 0.68 ms, found 3 plugins.
Preloading 0 native plugins for Editor in 0.00 ms.
Unloading 2373 Unused Serialized files (Serialized files now loaded: 0)
System memory in use before: 103.8 MB.
System memory in use after: 103.8 MB.

Unloading 21 unused Assets to reduce memory usage. Loaded Objects now: 2877.
Total: 3.201800 ms (FindLiveObjects: 0.351300 ms CreateObjectMapping: 0.067900 ms MarkObjects: 2.639100 ms  DeleteObjects: 0.142100 ms)

========================================================================
Received Import Request.
  Time since last request: 295.344236 seconds.
  path: Assets/Input/GeneralControls.inputactions
  artifactKey: Guid(7d3ba156e76305647b9ce7c833a62e3c) Importer(815301076,1909f56bfc062723c751e8b465ee728b)
Start importing Assets/Input/GeneralControls.inputactions using Guid(7d3ba156e76305647b9ce7c833a62e3c) Importer(815301076,1909f56bfc062723c751e8b465ee728b)  -> (artifact id: 'f8ccc0addc452b4f67d0d1691e5e4625') in 0.023931 seconds
  Import took 0.028382 seconds .

========================================================================
Received Prepare
Registering precompiled user dll's ...
Registered in 0.003949 seconds.
Begin MonoManager ReloadAssembly
Native extension for WindowsStandalone target not found
Native extension for OSXStandalone target not found
Native extension for WebGL target not found
Refreshing native plugins compatible for Editor in 0.75 ms, found 3 plugins.
Preloading 0 native plugins for Editor in 0.00 ms.
Mono: successfully reloaded assembly
- Completed reload, in  0.973 seconds
Platform modules already initialized, skipping
Refreshing native plugins compatible for Editor in 0.64 ms, found 3 plugins.
Preloading 0 native plugins for Editor in 0.00 ms.
Unloading 2373 Unused Serialized files (Serialized files now loaded: 0)
System memory in use before: 103.8 MB.
System memory in use after: 103.8 MB.

Unloading 21 unused Assets to reduce memory usage. Loaded Objects now: 2881.
Total: 3.543000 ms (FindLiveObjects: 0.540200 ms CreateObjectMapping: 0.069400 ms MarkObjects: 2.784200 ms  DeleteObjects: 0.148000 ms)

========================================================================
Received Prepare
Registering precompiled user dll's ...
Registered in 0.005003 seconds.
Begin MonoManager ReloadAssembly
Native extension for WindowsStandalone target not found
Native extension for OSXStandalone target not found
Native extension for WebGL target not found
Refreshing native plugins compatible for Editor in 0.68 ms, found 3 plugins.
Preloading 0 native plugins for Editor in 0.00 ms.
Mono: successfully reloaded assembly
- Completed reload, in  1.048 seconds
Platform modules already initialized, skipping
Refreshing native plugins compatible for Editor in 0.63 ms, found 3 plugins.
Preloading 0 native plugins for Editor in 0.00 ms.
Unloading 2373 Unused Serialized files (Serialized files now loaded: 0)
System memory in use before: 103.8 MB.
System memory in use after: 103.9 MB.

Unloading 21 unused Assets to reduce memory usage. Loaded Objects now: 2885.
Total: 2.735100 ms (FindLiveObjects: 0.332900 ms CreateObjectMapping: 0.065100 ms MarkObjects: 2.202800 ms  DeleteObjects: 0.132700 ms)

========================================================================
Received Prepare
Registering precompiled user dll's ...
Registered in 0.004083 seconds.
Begin MonoManager ReloadAssembly
Native extension for WindowsStandalone target not found
Native extension for OSXStandalone target not found
Native extension for WebGL target not found
Refreshing native plugins compatible for Editor in 0.63 ms, found 3 plugins.
Preloading 0 native plugins for Editor in 0.00 ms.
Mono: successfully reloaded assembly
- Completed reload, in  1.004 seconds
Platform modules already initialized, skipping
Refreshing native plugins compatible for Editor in 0.69 ms, found 3 plugins.
Preloading 0 native plugins for Editor in 0.00 ms.
Unloading 2373 Unused Serialized files (Serialized files now loaded: 0)
System memory in use before: 103.8 MB.
System memory in use after: 103.9 MB.

Unloading 21 unused Assets to reduce memory usage. Loaded Objects now: 2889.
Total: 2.760400 ms (FindLiveObjects: 0.343900 ms CreateObjectMapping: 0.065400 ms MarkObjects: 2.215400 ms  DeleteObjects: 0.133100 ms)

========================================================================
Received Prepare
Registering precompiled user dll's ...
Registered in 0.003867 seconds.
Begin MonoManager ReloadAssembly
Native extension for WindowsStandalone target not found
Native extension for OSXStandalone target not found
Native extension for WebGL target not found
Refreshing native plugins compatible for Editor in 0.83 ms, found 3 plugins.
Preloading 0 native plugins for Editor in 0.00 ms.
Mono: successfully reloaded assembly
- Completed reload, in  0.976 seconds
Platform modules already initialized, skipping
Refreshing native plugins compatible for Editor in 0.65 ms, found 3 plugins.
Preloading 0 native plugins for Editor in 0.00 ms.
Unloading 2373 Unused Serialized files (Serialized files now loaded: 0)
System memory in use before: 103.7 MB.
System memory in use after: 103.8 MB.

Unloading 21 unused Assets to reduce memory usage. Loaded Objects now: 2893.
Total: 2.775500 ms (FindLiveObjects: 0.325300 ms CreateObjectMapping: 0.070000 ms MarkObjects: 2.248200 ms  DeleteObjects: 0.130700 ms)

========================================================================
Received Prepare
Registering precompiled user dll's ...
Registered in 0.003747 seconds.
Begin MonoManager ReloadAssembly
Native extension for WindowsStandalone target not found
Native extension for OSXStandalone target not found
Native extension for WebGL target not found
Refreshing native plugins compatible for Editor in 0.82 ms, found 3 plugins.
Preloading 0 native plugins for Editor in 0.00 ms.
Mono: successfully reloaded assembly
- Completed reload, in  1.006 seconds
Platform modules already initialized, skipping
Refreshing native plugins compatible for Editor in 0.62 ms, found 3 plugins.
Preloading 0 native plugins for Editor in 0.00 ms.
Unloading 2373 Unused Serialized files (Serialized files now loaded: 0)
System memory in use before: 103.8 MB.
System memory in use after: 103.9 MB.

Unloading 21 unused Assets to reduce memory usage. Loaded Objects now: 2897.
Total: 2.759800 ms (FindLiveObjects: 0.341600 ms CreateObjectMapping: 0.078200 ms MarkObjects: 2.208000 ms  DeleteObjects: 0.130900 ms)

AssetImportWorkerClient::OnTransportError - code=2 error=End of file
